  [1m[35m (3.0ms)[0m  [1m[35mCREATE DATABASE "mailer_development" ENCODING = 'unicode'[0m
  ↳ bin/rails:9
  [1m[35m (0.7ms)[0m  [1m[35mCREATE DATABASE "mailer_test" ENCODING = 'unicode'[0m
  ↳ bin/rails:9
Started GET "/" for ::1 at 2020-10-06 14:55:21 +0900
Processing by Rails::WelcomeController#index as HTML
  Rendering /Users/kensuke/.rbenv/versions/2.6.5/lib/ruby/gems/2.6.0/gems/railties-5.2.4.4/lib/rails/templates/rails/welcome/index.html.erb
  Rendered /Users/kensuke/.rbenv/versions/2.6.5/lib/ruby/gems/2.6.0/gems/railties-5.2.4.4/lib/rails/templates/rails/welcome/index.html.erb (5.9ms)
Completed 200 OK in 20ms (Views: 14.6ms | ActiveRecord: 0.0ms)


  [1m[35m (5.6ms)[0m  [1m[34mSELECT pg_try_advisory_lock(2881169274723145665)[0m
  ↳ bin/rails:9
  [1m[35m (4.0ms)[0m  [1m[34mSELECT "schema_migrations"."version" FROM "schema_migrations" ORDER BY "schema_migrations"."version" ASC[0m
  ↳ bin/rails:9
Migrating to CreateContacts (20201006055626)
  [1m[35m (4.1ms)[0m  [1m[35mBEGIN[0m
  ↳ bin/rails:9
  [1m[35m (38.1ms)[0m  [1m[35mCREATE TABLE "contacts" ("id" bigserial primary key, "name" character varying, "email" character varying, "conten" text, "created_at" timestamp NOT NULL, "updated_at" timestamp NOT NULL)[0m
  ↳ db/migrate/20201006055626_create_contacts.rb:3
  [1m[35m (0.1ms)[0m  [1m[31mROLLBACK[0m
  ↳ bin/rails:9
  [1m[35m (0.2ms)[0m  [1m[34mSELECT pg_advisory_unlock(2881169274723145665)[0m
  ↳ bin/rails:9
  [1m[35m (0.1ms)[0m  [1m[34mSELECT pg_try_advisory_lock(2881169274723145665)[0m
  ↳ bin/rails:9
  [1m[35m (0.4ms)[0m  [1m[34mSELECT "schema_migrations"."version" FROM "schema_migrations" ORDER BY "schema_migrations"."version" ASC[0m
  ↳ bin/rails:9
Migrating to CreateContacts (20201006055626)
  [1m[35m (0.1ms)[0m  [1m[35mBEGIN[0m
  ↳ bin/rails:9
  [1m[35m (3.1ms)[0m  [1m[35mCREATE TABLE "contacts" ("id" bigserial primary key, "name" character varying, "email" character varying, "conten" text, "created_at" timestamp NOT NULL, "updated_at" timestamp NOT NULL)[0m
  ↳ db/migrate/20201006055626_create_contacts.rb:3
  [1m[35m (0.1ms)[0m  [1m[31mROLLBACK[0m
  ↳ bin/rails:9
  [1m[35m (0.1ms)[0m  [1m[34mSELECT pg_advisory_unlock(2881169274723145665)[0m
  ↳ bin/rails:9
  [1m[35m (1.1ms)[0m  [1m[34mSELECT "schema_migrations"."version" FROM "schema_migrations" ORDER BY "schema_migrations"."version" ASC[0m
  ↳ bin/rails:9
  [1m[35m (5.6ms)[0m  [1m[34mSELECT "ar_internal_metadata"."value" FROM "ar_internal_metadata" WHERE "ar_internal_metadata"."key" = $1[0m  [["key", "environment"]]
  ↳ bin/rails:9
  [1m[35m (0.2ms)[0m  [1m[34mSELECT "schema_migrations"."version" FROM "schema_migrations" ORDER BY "schema_migrations"."version" ASC[0m
  ↳ bin/rails:9
  [1m[35m (0.1ms)[0m  [1m[34mSELECT "ar_internal_metadata"."value" FROM "ar_internal_metadata" WHERE "ar_internal_metadata"."key" = $1[0m  [["key", "environment"]]
  ↳ bin/rails:9
  [1m[35m (0.1ms)[0m  [1m[34mSELECT "schema_migrations"."version" FROM "schema_migrations" ORDER BY "schema_migrations"."version" ASC[0m
  ↳ bin/rails:9
  [1m[35m (0.1ms)[0m  [1m[34mSELECT "ar_internal_metadata"."value" FROM "ar_internal_metadata" WHERE "ar_internal_metadata"."key" = $1[0m  [["key", "environment"]]
  ↳ bin/rails:9
  [1m[35m (7818.8ms)[0m  [1m[35mDROP DATABASE IF EXISTS "mailer_development"[0m
  ↳ bin/rails:9
  [1m[35m (0.8ms)[0m  [1m[34mSELECT "schema_migrations"."version" FROM "schema_migrations" ORDER BY "schema_migrations"."version" ASC[0m
  ↳ /Users/kensuke/.rbenv/versions/2.6.5/bin/rake:23
  [1m[35m (0.3ms)[0m  [1m[34mSELECT "ar_internal_metadata"."value" FROM "ar_internal_metadata" WHERE "ar_internal_metadata"."key" = $1[0m  [["key", "environment"]]
  ↳ /Users/kensuke/.rbenv/versions/2.6.5/bin/rake:23
  [1m[35m (0.2ms)[0m  [1m[34mSELECT "schema_migrations"."version" FROM "schema_migrations" ORDER BY "schema_migrations"."version" ASC[0m
  ↳ /Users/kensuke/.rbenv/versions/2.6.5/bin/rake:23
  [1m[35m (0.1ms)[0m  [1m[34mSELECT "ar_internal_metadata"."value" FROM "ar_internal_metadata" WHERE "ar_internal_metadata"."key" = $1[0m  [["key", "environment"]]
  ↳ /Users/kensuke/.rbenv/versions/2.6.5/bin/rake:23
  [1m[35m (0.2ms)[0m  [1m[34mSELECT "schema_migrations"."version" FROM "schema_migrations" ORDER BY "schema_migrations"."version" ASC[0m
  ↳ /Users/kensuke/.rbenv/versions/2.6.5/bin/rake:23
  [1m[35m (0.1ms)[0m  [1m[34mSELECT "ar_internal_metadata"."value" FROM "ar_internal_metadata" WHERE "ar_internal_metadata"."key" = $1[0m  [["key", "environment"]]
  ↳ /Users/kensuke/.rbenv/versions/2.6.5/bin/rake:23
  [1m[35m (8044.1ms)[0m  [1m[35mDROP DATABASE IF EXISTS "mailer_development"[0m
  ↳ /Users/kensuke/.rbenv/versions/2.6.5/bin/rake:23
  [1m[35m (0.5ms)[0m  [1m[34mSELECT "schema_migrations"."version" FROM "schema_migrations" ORDER BY "schema_migrations"."version" ASC[0m
  ↳ /Users/kensuke/.rbenv/versions/2.6.5/bin/rake:23
  [1m[35m (0.4ms)[0m  [1m[34mSELECT "ar_internal_metadata"."value" FROM "ar_internal_metadata" WHERE "ar_internal_metadata"."key" = $1[0m  [["key", "environment"]]
  ↳ /Users/kensuke/.rbenv/versions/2.6.5/bin/rake:23
  [1m[35m (0.2ms)[0m  [1m[34mSELECT "schema_migrations"."version" FROM "schema_migrations" ORDER BY "schema_migrations"."version" ASC[0m
  ↳ /Users/kensuke/.rbenv/versions/2.6.5/bin/rake:23
  [1m[35m (0.2ms)[0m  [1m[34mSELECT "ar_internal_metadata"."value" FROM "ar_internal_metadata" WHERE "ar_internal_metadata"."key" = $1[0m  [["key", "environment"]]
  ↳ /Users/kensuke/.rbenv/versions/2.6.5/bin/rake:23
  [1m[35m (0.2ms)[0m  [1m[34mSELECT "schema_migrations"."version" FROM "schema_migrations" ORDER BY "schema_migrations"."version" ASC[0m
  ↳ /Users/kensuke/.rbenv/versions/2.6.5/bin/rake:23
  [1m[35m (0.2ms)[0m  [1m[34mSELECT "ar_internal_metadata"."value" FROM "ar_internal_metadata" WHERE "ar_internal_metadata"."key" = $1[0m  [["key", "environment"]]
  ↳ /Users/kensuke/.rbenv/versions/2.6.5/bin/rake:23
  [1m[35m (8153.9ms)[0m  [1m[35mDROP DATABASE IF EXISTS "mailer_development"[0m
  ↳ /Users/kensuke/.rbenv/versions/2.6.5/bin/rake:23
  [1m[35m (2.1ms)[0m  [1m[35mCREATE DATABASE "mailer_development" ENCODING = 'unicode'[0m
  ↳ bin/rails:9
  [1m[35m (2.0ms)[0m  [1m[35mCREATE DATABASE "mailer_test" ENCODING = 'unicode'[0m
  ↳ bin/rails:9
  [1m[35m (0.2ms)[0m  [1m[34mSELECT pg_try_advisory_lock(2881169274723145665)[0m
  ↳ bin/rails:9
  [1m[35m (0.5ms)[0m  [1m[34mSELECT "schema_migrations"."version" FROM "schema_migrations" ORDER BY "schema_migrations"."version" ASC[0m
  ↳ bin/rails:9
Migrating to CreateContacts (20201006055626)
  [1m[35m (0.2ms)[0m  [1m[35mBEGIN[0m
  ↳ bin/rails:9
  [1m[35m (9.1ms)[0m  [1m[35mCREATE TABLE "contacts" ("id" bigserial primary key, "name" character varying, "email" character varying, "conten" text, "created_at" timestamp NOT NULL, "updated_at" timestamp NOT NULL)[0m
  ↳ db/migrate/20201006055626_create_contacts.rb:3
  [1m[35m (0.1ms)[0m  [1m[31mROLLBACK[0m
  ↳ bin/rails:9
  [1m[35m (0.5ms)[0m  [1m[34mSELECT pg_advisory_unlock(2881169274723145665)[0m
  ↳ bin/rails:9
  [1m[35m (143.5ms)[0m  [1m[35mCREATE DATABASE "mailer_development" ENCODING = 'unicode'[0m
  ↳ bin/rails:9
  [1m[35m (69.9ms)[0m  [1m[35mCREATE DATABASE "mailer_test" ENCODING = 'unicode'[0m
  ↳ bin/rails:9
  [1m[35m (21.6ms)[0m  [1m[35mCREATE TABLE "schema_migrations" ("version" character varying NOT NULL PRIMARY KEY)[0m
  ↳ bin/rails:9
  [1m[35m (5.3ms)[0m  [1m[35mCREATE TABLE "ar_internal_metadata" ("key" character varying NOT NULL PRIMARY KEY, "value" character varying, "created_at" timestamp NOT NULL, "updated_at" timestamp NOT NULL)[0m
  ↳ bin/rails:9
  [1m[35m (1.2ms)[0m  [1m[34mSELECT pg_try_advisory_lock(2881169274723145665)[0m
  ↳ bin/rails:9
  [1m[35m (0.4ms)[0m  [1m[34mSELECT "schema_migrations"."version" FROM "schema_migrations" ORDER BY "schema_migrations"."version" ASC[0m
  ↳ bin/rails:9
Migrating to CreateContacts (20201006055626)
  [1m[35m (0.2ms)[0m  [1m[35mBEGIN[0m
  ↳ bin/rails:9
  [1m[35m (16.4ms)[0m  [1m[35mCREATE TABLE "contacts" ("id" bigserial primary key, "name" character varying, "email" character varying, "conten" text, "created_at" timestamp NOT NULL, "updated_at" timestamp NOT NULL)[0m
  ↳ db/migrate/20201006055626_create_contacts.rb:3
  [1m[36mActiveRecord::SchemaMigration Create (3.4ms)[0m  [1m[32mINSERT INTO "schema_migrations" ("version") VALUES ($1) RETURNING "version"[0m  [["version", "20201006055626"]]
  ↳ bin/rails:9
  [1m[35m (0.5ms)[0m  [1m[35mCOMMIT[0m
  ↳ bin/rails:9
  [1m[36mActiveRecord::InternalMetadata Load (4.0ms)[0m  [1m[34mSELECT  "ar_internal_metadata".* FROM "ar_internal_metadata" WHERE "ar_internal_metadata"."key" = $1 LIMIT $2[0m  [["key", "environment"], ["LIMIT", 1]]
  ↳ bin/rails:9
  [1m[35m (0.3ms)[0m  [1m[35mBEGIN[0m
  ↳ bin/rails:9
  [1m[36mActiveRecord::InternalMetadata Create (1.3ms)[0m  [1m[32mINSERT INTO "ar_internal_metadata" ("key", "value", "created_at", "updated_at") VALUES ($1, $2, $3, $4) RETURNING "key"[0m  [["key", "environment"], ["value", "development"], ["created_at", "2020-10-06 06:12:54.581590"], ["updated_at", "2020-10-06 06:12:54.581590"]]
  ↳ bin/rails:9
  [1m[35m (0.3ms)[0m  [1m[35mCOMMIT[0m
  ↳ bin/rails:9
  [1m[35m (0.2ms)[0m  [1m[34mSELECT pg_advisory_unlock(2881169274723145665)[0m
  ↳ bin/rails:9
  [1m[35m (0.2ms)[0m  [1m[34mSELECT "schema_migrations"."version" FROM "schema_migrations" ORDER BY "schema_migrations"."version" ASC[0m
  ↳ bin/rails:9
Started GET "/letter_opener" for ::1 at 2020-10-06 15:20:59 +0900
  
NameError (uninitialized constant LetterOpenerWeb):
  
config/routes.rb:3:in `block in <main>'
config/routes.rb:1:in `<main>'
Started GET "/letter_opener" for ::1 at 2020-10-06 15:21:51 +0900
  
NameError (uninitialized constant LetterOpenerWeb):
  
config/routes.rb:3:in `block in <main>'
config/routes.rb:1:in `<main>'
Started GET "/letter_opener" for ::1 at 2020-10-06 15:22:19 +0900
  [1m[35m (0.8ms)[0m  [1m[34mSELECT "schema_migrations"."version" FROM "schema_migrations" ORDER BY "schema_migrations"."version" ASC[0m
  ↳ /Users/kensuke/.rbenv/versions/2.6.5/lib/ruby/gems/2.6.0/gems/activerecord-5.2.4.4/lib/active_record/log_subscriber.rb:98
Processing by LetterOpenerWeb::LettersController#index as HTML
  Rendering /Users/kensuke/.rbenv/versions/2.6.5/lib/ruby/gems/2.6.0/gems/letter_opener_web-1.4.0/app/views/letter_opener_web/letters/index.html.erb within layouts/letter_opener_web/letters
  Rendered /Users/kensuke/.rbenv/versions/2.6.5/lib/ruby/gems/2.6.0/gems/letter_opener_web-1.4.0/app/views/letter_opener_web/letters/index.html.erb within layouts/letter_opener_web/letters (4.0ms)
  Rendered /Users/kensuke/.rbenv/versions/2.6.5/lib/ruby/gems/2.6.0/gems/letter_opener_web-1.4.0/app/views/layouts/letter_opener_web/_styles.html.erb (2.8ms)
  Rendered /Users/kensuke/.rbenv/versions/2.6.5/lib/ruby/gems/2.6.0/gems/letter_opener_web-1.4.0/app/views/layouts/letter_opener_web/_javascripts.html.erb (4.8ms)
Completed 200 OK in 36ms (Views: 26.4ms | ActiveRecord: 0.0ms)


Started GET "/contacts/new" for ::1 at 2020-10-06 15:24:47 +0900
  
ActionController::RoutingError (No route matches [GET] "/contacts/new"):
  
actionpack (5.2.4.4) lib/action_dispatch/middleware/debug_exceptions.rb:65:in `call'
web-console (3.7.0) lib/web_console/middleware.rb:135:in `call_app'
web-console (3.7.0) lib/web_console/middleware.rb:30:in `block in call'
web-console (3.7.0) lib/web_console/middleware.rb:20:in `catch'
web-console (3.7.0) lib/web_console/middleware.rb:20:in `call'
actionpack (5.2.4.4) lib/action_dispatch/middleware/show_exceptions.rb:33:in `call'
railties (5.2.4.4) lib/rails/rack/logger.rb:38:in `call_app'
railties (5.2.4.4) lib/rails/rack/logger.rb:26:in `block in call'
activesupport (5.2.4.4) lib/active_support/tagged_logging.rb:71:in `block in tagged'
activesupport (5.2.4.4) lib/active_support/tagged_logging.rb:28:in `tagged'
activesupport (5.2.4.4) lib/active_support/tagged_logging.rb:71:in `tagged'
railties (5.2.4.4) lib/rails/rack/logger.rb:26:in `call'
sprockets-rails (3.2.2) lib/sprockets/rails/quiet_assets.rb:13:in `call'
actionpack (5.2.4.4) lib/action_dispatch/middleware/remote_ip.rb:81:in `call'
actionpack (5.2.4.4) lib/action_dispatch/middleware/request_id.rb:27:in `call'
rack (2.2.3) lib/rack/method_override.rb:24:in `call'
rack (2.2.3) lib/rack/runtime.rb:22:in `call'
activesupport (5.2.4.4) lib/active_support/cache/strategy/local_cache_middleware.rb:29:in `call'
actionpack (5.2.4.4) lib/action_dispatch/middleware/executor.rb:14:in `call'
actionpack (5.2.4.4) lib/action_dispatch/middleware/static.rb:127:in `call'
rack (2.2.3) lib/rack/sendfile.rb:110:in `call'
railties (5.2.4.4) lib/rails/engine.rb:524:in `call'
puma (3.12.6) lib/puma/configuration.rb:227:in `call'
puma (3.12.6) lib/puma/server.rb:706:in `handle_request'
puma (3.12.6) lib/puma/server.rb:476:in `process_client'
puma (3.12.6) lib/puma/server.rb:334:in `block in run'
puma (3.12.6) lib/puma/thread_pool.rb:135:in `block in spawn_thread'
Started GET "/contacts/new" for ::1 at 2020-10-06 15:24:56 +0900
Processing by ContactsController#new as HTML
  Rendering contacts/new.html.erb within layouts/application
  Rendered contacts/_form.html.erb (35.1ms)
  Rendered contacts/new.html.erb within layouts/application (38.9ms)
Completed 200 OK in 662ms (Views: 642.7ms | ActiveRecord: 4.5ms)


Started POST "/contacts" for ::1 at 2020-10-06 15:25:21 +0900
Processing by ContactsController#create as HTML
  Parameters: {"utf8"=>"✓", "authenticity_token"=>"dn6ig/w9y2gjTtjddZAEfKXeIx4H+EutbTJ5wIxvKbv5rD2iso10TRYOFDM5Ll6pkjQSp4HpMVF2h+Uy2Y5Y+g==", "contact"=>{"name"=>"tom", "email"=>"35k.0101@gmail.com", "conten"=>"12345"}, "commit"=>"Create Contact"}
  [1m[35m (0.2ms)[0m  [1m[35mBEGIN[0m
  ↳ app/controllers/contacts_controller.rb:28
  [1m[36mContact Create (4.2ms)[0m  [1m[32mINSERT INTO "contacts" ("name", "email", "conten", "created_at", "updated_at") VALUES ($1, $2, $3, $4, $5) RETURNING "id"[0m  [["name", "tom"], ["email", "35k.0101@gmail.com"], ["conten", "12345"], ["created_at", "2020-10-06 06:25:21.343463"], ["updated_at", "2020-10-06 06:25:21.343463"]]
  ↳ app/controllers/contacts_controller.rb:28
  [1m[35m (0.5ms)[0m  [1m[35mCOMMIT[0m
  ↳ app/controllers/contacts_controller.rb:28
Completed 500 Internal Server Error in 12ms (ActiveRecord: 4.9ms)


  
NameError (uninitialized constant ContactsController::ContactMailer):
  
app/controllers/contacts_controller.rb:29:in `create'
Started POST "/contacts" for ::1 at 2020-10-06 15:27:22 +0900
Processing by ContactsController#create as HTML
  Parameters: {"utf8"=>"✓", "authenticity_token"=>"dn6ig/w9y2gjTtjddZAEfKXeIx4H+EutbTJ5wIxvKbv5rD2iso10TRYOFDM5Ll6pkjQSp4HpMVF2h+Uy2Y5Y+g==", "contact"=>{"name"=>"tom", "email"=>"35k.0101@gmail.com", "conten"=>"12345"}, "commit"=>"Create Contact"}
  [1m[35m (0.2ms)[0m  [1m[35mBEGIN[0m
  ↳ app/controllers/contacts_controller.rb:30
  [1m[36mContact Create (0.6ms)[0m  [1m[32mINSERT INTO "contacts" ("name", "email", "conten", "created_at", "updated_at") VALUES ($1, $2, $3, $4, $5) RETURNING "id"[0m  [["name", "tom"], ["email", "35k.0101@gmail.com"], ["conten", "12345"], ["created_at", "2020-10-06 06:27:22.155114"], ["updated_at", "2020-10-06 06:27:22.155114"]]
  ↳ app/controllers/contacts_controller.rb:30
  [1m[35m (0.5ms)[0m  [1m[35mCOMMIT[0m
  ↳ app/controllers/contacts_controller.rb:30
Completed 500 Internal Server Error in 17ms (ActiveRecord: 7.0ms)


  
NameError (uninitialized constant ContactsController::ContactMailer):
  
app/controllers/contacts_controller.rb:31:in `block in create'
app/controllers/contacts_controller.rb:29:in `create'
Started POST "/contacts" for ::1 at 2020-10-06 15:33:35 +0900
Processing by ContactsController#create as HTML
  Parameters: {"utf8"=>"✓", "authenticity_token"=>"dn6ig/w9y2gjTtjddZAEfKXeIx4H+EutbTJ5wIxvKbv5rD2iso10TRYOFDM5Ll6pkjQSp4HpMVF2h+Uy2Y5Y+g==", "contact"=>{"name"=>"tom", "email"=>"35k.0101@gmail.com", "conten"=>"12345"}, "commit"=>"Create Contact"}
  [1m[35m (0.1ms)[0m  [1m[35mBEGIN[0m
  ↳ app/controllers/contacts_controller.rb:29
  [1m[36mContact Create (0.4ms)[0m  [1m[32mINSERT INTO "contacts" ("name", "email", "conten", "created_at", "updated_at") VALUES ($1, $2, $3, $4, $5) RETURNING "id"[0m  [["name", "tom"], ["email", "35k.0101@gmail.com"], ["conten", "12345"], ["created_at", "2020-10-06 06:33:35.121799"], ["updated_at", "2020-10-06 06:33:35.121799"]]
  ↳ app/controllers/contacts_controller.rb:29
  [1m[35m (0.8ms)[0m  [1m[35mCOMMIT[0m
  ↳ app/controllers/contacts_controller.rb:29
Completed 500 Internal Server Error in 15ms (ActiveRecord: 6.0ms)


  
NameError (uninitialized constant ContactsController::ContactMailer):
  
app/controllers/contacts_controller.rb:30:in `create'
Started POST "/contacts" for ::1 at 2020-10-06 15:36:06 +0900
Processing by ContactsController#create as HTML
  Parameters: {"utf8"=>"✓", "authenticity_token"=>"dn6ig/w9y2gjTtjddZAEfKXeIx4H+EutbTJ5wIxvKbv5rD2iso10TRYOFDM5Ll6pkjQSp4HpMVF2h+Uy2Y5Y+g==", "contact"=>{"name"=>"tom", "email"=>"35k.0101@gmail.com", "conten"=>"12345"}, "commit"=>"Create Contact"}
  [1m[35m (0.1ms)[0m  [1m[35mBEGIN[0m
  ↳ app/controllers/contacts_controller.rb:30
  [1m[36mContact Create (0.2ms)[0m  [1m[32mINSERT INTO "contacts" ("name", "email", "conten", "created_at", "updated_at") VALUES ($1, $2, $3, $4, $5) RETURNING "id"[0m  [["name", "tom"], ["email", "35k.0101@gmail.com"], ["conten", "12345"], ["created_at", "2020-10-06 06:36:06.395377"], ["updated_at", "2020-10-06 06:36:06.395377"]]
  ↳ app/controllers/contacts_controller.rb:30
  [1m[35m (0.4ms)[0m  [1m[35mCOMMIT[0m
  ↳ app/controllers/contacts_controller.rb:30
Completed 500 Internal Server Error in 16ms (ActiveRecord: 3.3ms)


  
NameError (uninitialized constant ContactsController::ContactMailer):
  
app/controllers/contacts_controller.rb:31:in `block in create'
app/controllers/contacts_controller.rb:29:in `create'
Started POST "/contacts" for ::1 at 2020-10-06 15:44:42 +0900
  [1m[35m (1.4ms)[0m  [1m[34mSELECT "schema_migrations"."version" FROM "schema_migrations" ORDER BY "schema_migrations"."version" ASC[0m
  ↳ /Users/kensuke/.rbenv/versions/2.6.5/lib/ruby/gems/2.6.0/gems/activerecord-5.2.4.4/lib/active_record/log_subscriber.rb:98
Processing by ContactsController#create as HTML
  Parameters: {"utf8"=>"✓", "authenticity_token"=>"dn6ig/w9y2gjTtjddZAEfKXeIx4H+EutbTJ5wIxvKbv5rD2iso10TRYOFDM5Ll6pkjQSp4HpMVF2h+Uy2Y5Y+g==", "contact"=>{"name"=>"tom", "email"=>"35k.0101@gmail.com", "conten"=>"12345"}, "commit"=>"Create Contact"}
  [1m[35m (0.1ms)[0m  [1m[35mBEGIN[0m
  ↳ app/controllers/contacts_controller.rb:29
  [1m[36mContact Create (0.5ms)[0m  [1m[32mINSERT INTO "contacts" ("name", "email", "conten", "created_at", "updated_at") VALUES ($1, $2, $3, $4, $5) RETURNING "id"[0m  [["name", "tom"], ["email", "35k.0101@gmail.com"], ["conten", "12345"], ["created_at", "2020-10-06 06:44:42.886220"], ["updated_at", "2020-10-06 06:44:42.886220"]]
  ↳ app/controllers/contacts_controller.rb:29
  [1m[35m (2.1ms)[0m  [1m[35mCOMMIT[0m
  ↳ app/controllers/contacts_controller.rb:29
Completed 500 Internal Server Error in 23ms (ActiveRecord: 7.2ms)


  
NameError (uninitialized constant ContactsController::ContactMailer):
  
app/controllers/contacts_controller.rb:30:in `create'
Started POST "/contacts" for ::1 at 2020-10-06 15:49:26 +0900
  [1m[35m (0.5ms)[0m  [1m[34mSELECT "schema_migrations"."version" FROM "schema_migrations" ORDER BY "schema_migrations"."version" ASC[0m
  ↳ /Users/kensuke/.rbenv/versions/2.6.5/lib/ruby/gems/2.6.0/gems/activerecord-5.2.4.4/lib/active_record/log_subscriber.rb:98
Processing by ContactsController#create as HTML
  Parameters: {"utf8"=>"✓", "authenticity_token"=>"dn6ig/w9y2gjTtjddZAEfKXeIx4H+EutbTJ5wIxvKbv5rD2iso10TRYOFDM5Ll6pkjQSp4HpMVF2h+Uy2Y5Y+g==", "contact"=>{"name"=>"tom", "email"=>"35k.0101@gmail.com", "conten"=>"12345"}, "commit"=>"Create Contact"}
  [1m[35m (0.2ms)[0m  [1m[35mBEGIN[0m
  ↳ app/controllers/contacts_controller.rb:29
  [1m[36mContact Create (0.5ms)[0m  [1m[32mINSERT INTO "contacts" ("name", "email", "conten", "created_at", "updated_at") VALUES ($1, $2, $3, $4, $5) RETURNING "id"[0m  [["name", "tom"], ["email", "35k.0101@gmail.com"], ["conten", "12345"], ["created_at", "2020-10-06 06:49:27.140248"], ["updated_at", "2020-10-06 06:49:27.140248"]]
  ↳ app/controllers/contacts_controller.rb:29
  [1m[35m (0.5ms)[0m  [1m[35mCOMMIT[0m
  ↳ app/controllers/contacts_controller.rb:29
ContactMailer#contact_mail: processed outbound mail in 7.3ms
Completed 500 Internal Server Error in 327ms (ActiveRecord: 5.1ms)


  
ActionView::MissingTemplate (Missing template contact_mailer/contact_mail with "mailer". Searched in:
  * "contact_mailer"
):
  
app/mailers/contact_mailer.rb:4:in `contact_mail'
app/controllers/contacts_controller.rb:30:in `create'
Started POST "/contacts" for ::1 at 2020-10-06 15:53:25 +0900
Processing by ContactsController#create as HTML
  Parameters: {"utf8"=>"✓", "authenticity_token"=>"dn6ig/w9y2gjTtjddZAEfKXeIx4H+EutbTJ5wIxvKbv5rD2iso10TRYOFDM5Ll6pkjQSp4HpMVF2h+Uy2Y5Y+g==", "contact"=>{"name"=>"tom", "email"=>"35k.0101@gmail.com", "conten"=>"12345"}, "commit"=>"Create Contact"}
  [1m[35m (0.2ms)[0m  [1m[35mBEGIN[0m
  ↳ app/controllers/contacts_controller.rb:29
  [1m[36mContact Create (0.5ms)[0m  [1m[32mINSERT INTO "contacts" ("name", "email", "conten", "created_at", "updated_at") VALUES ($1, $2, $3, $4, $5) RETURNING "id"[0m  [["name", "tom"], ["email", "35k.0101@gmail.com"], ["conten", "12345"], ["created_at", "2020-10-06 06:53:25.095363"], ["updated_at", "2020-10-06 06:53:25.095363"]]
  ↳ app/controllers/contacts_controller.rb:29
  [1m[35m (0.4ms)[0m  [1m[35mCOMMIT[0m
  ↳ app/controllers/contacts_controller.rb:29
  Rendering contact_mailer/contact_mail.html.erb within layouts/mailer
  Rendered contact_mailer/contact_mail.html.erb within layouts/mailer (6.1ms)
ContactMailer#contact_mail: processed outbound mail in 17.0ms
Completed 500 Internal Server Error in 25ms (ActiveRecord: 1.1ms)


  
ActionView::Template::Error (undefined method `content' for #<Contact:0x00007fe9dfdc29d8>
Did you mean?  conten
               conten?
               conten=):
    1: <h1>お問い合わせが完了しました！</h1>
    2: <h4>name: <%= @contact.name %></h4>
    3: <h4>お問い合わせ内容の確認</h4>
    4: <p>content: <%= @contact.content %></p>
  
app/views/contact_mailer/contact_mail.html.erb:4:in `_app_views_contact_mailer_contact_mail_html_erb___2061524056288958496_70321194394020'
app/mailers/contact_mailer.rb:4:in `contact_mail'
app/controllers/contacts_controller.rb:30:in `create'
  [1m[35m (0.2ms)[0m  [1m[34mSELECT pg_try_advisory_lock(2881169274723145665)[0m
  ↳ bin/rails:9
  [1m[35m (0.5ms)[0m  [1m[34mSELECT "schema_migrations"."version" FROM "schema_migrations" ORDER BY "schema_migrations"."version" ASC[0m
  ↳ bin/rails:9
Migrating to ChangeDatatypetextOfContacts (20201006065703)
  [1m[35m (0.2ms)[0m  [1m[35mBEGIN[0m
  ↳ bin/rails:9
  [1m[36mActiveRecord::SchemaMigration Create (2.0ms)[0m  [1m[32mINSERT INTO "schema_migrations" ("version") VALUES ($1) RETURNING "version"[0m  [["version", "20201006065703"]]
  ↳ bin/rails:9
  [1m[35m (2.0ms)[0m  [1m[35mCOMMIT[0m
  ↳ bin/rails:9
Migrating to RenameContenColumnToContacts (20201006070056)
  [1m[35m (0.2ms)[0m  [1m[35mBEGIN[0m
  ↳ bin/rails:9
  [1m[35m (6.4ms)[0m  [1m[35mALTER TABLE "contacts" RENAME COLUMN "conten" TO "content"[0m
  ↳ db/migrate/20201006070056_rename_conten_column_to_contacts.rb:3
  [1m[36mActiveRecord::SchemaMigration Create (0.4ms)[0m  [1m[32mINSERT INTO "schema_migrations" ("version") VALUES ($1) RETURNING "version"[0m  [["version", "20201006070056"]]
  ↳ bin/rails:9
  [1m[35m (0.3ms)[0m  [1m[35mCOMMIT[0m
  ↳ bin/rails:9
  [1m[36mActiveRecord::InternalMetadata Load (0.6ms)[0m  [1m[34mSELECT  "ar_internal_metadata".* FROM "ar_internal_metadata" WHERE "ar_internal_metadata"."key" = $1 LIMIT $2[0m  [["key", "environment"], ["LIMIT", 1]]
  ↳ bin/rails:9
  [1m[35m (0.3ms)[0m  [1m[35mBEGIN[0m
  ↳ bin/rails:9
  [1m[35m (0.1ms)[0m  [1m[35mCOMMIT[0m
  ↳ bin/rails:9
  [1m[35m (0.3ms)[0m  [1m[34mSELECT pg_advisory_unlock(2881169274723145665)[0m
  ↳ bin/rails:9
  [1m[35m (0.3ms)[0m  [1m[34mSELECT "schema_migrations"."version" FROM "schema_migrations" ORDER BY "schema_migrations"."version" ASC[0m
  ↳ bin/rails:9
Started POST "/contacts" for ::1 at 2020-10-06 16:01:59 +0900
  [1m[35m (0.7ms)[0m  [1m[34mSELECT "schema_migrations"."version" FROM "schema_migrations" ORDER BY "schema_migrations"."version" ASC[0m
  ↳ /Users/kensuke/.rbenv/versions/2.6.5/lib/ruby/gems/2.6.0/gems/activerecord-5.2.4.4/lib/active_record/log_subscriber.rb:98
Processing by ContactsController#create as HTML
  Parameters: {"utf8"=>"✓", "authenticity_token"=>"dn6ig/w9y2gjTtjddZAEfKXeIx4H+EutbTJ5wIxvKbv5rD2iso10TRYOFDM5Ll6pkjQSp4HpMVF2h+Uy2Y5Y+g==", "contact"=>{"name"=>"tom", "email"=>"35k.0101@gmail.com", "conten"=>"12345"}, "commit"=>"Create Contact"}
Completed 500 Internal Server Error in 14ms (ActiveRecord: 5.1ms)


  
ActiveModel::UnknownAttributeError (unknown attribute 'conten' for Contact.):
  
app/controllers/contacts_controller.rb:27:in `create'
Started POST "/contacts" for ::1 at 2020-10-06 16:02:30 +0900
Processing by ContactsController#create as HTML
  Parameters: {"utf8"=>"✓", "authenticity_token"=>"dn6ig/w9y2gjTtjddZAEfKXeIx4H+EutbTJ5wIxvKbv5rD2iso10TRYOFDM5Ll6pkjQSp4HpMVF2h+Uy2Y5Y+g==", "contact"=>{"name"=>"tom", "email"=>"35k.0101@gmail.com", "conten"=>"12345"}, "commit"=>"Create Contact"}
Completed 500 Internal Server Error in 2ms (ActiveRecord: 0.0ms)


  
ActiveModel::UnknownAttributeError (unknown attribute 'conten' for Contact.):
  
app/controllers/contacts_controller.rb:27:in `create'
Started GET "/contacts/new" for ::1 at 2020-10-06 16:02:47 +0900
Processing by ContactsController#new as HTML
  Rendering contacts/new.html.erb within layouts/application
  Rendered contacts/_form.html.erb (19.5ms)
  Rendered contacts/new.html.erb within layouts/application (21.2ms)
Completed 200 OK in 253ms (Views: 250.1ms | ActiveRecord: 0.0ms)


Started POST "/contacts" for ::1 at 2020-10-06 16:03:46 +0900
Processing by ContactsController#create as HTML
  Parameters: {"utf8"=>"✓", "authenticity_token"=>"Vk7nC4IpPwTiMOFdGDJLHduc+KmGoTWn1izg90LRYrzZnHgqzJmAIddwLbNUjBHI7HbJEACwT1vNmXwFFzAT/Q==", "contact"=>{"name"=>"", "email"=>"", "conten"=>""}, "commit"=>"Create Contact"}
Completed 500 Internal Server Error in 4ms (ActiveRecord: 0.0ms)


  
ActiveModel::UnknownAttributeError (unknown attribute 'conten' for Contact.):
  
app/controllers/contacts_controller.rb:27:in `create'
Started GET "/contacts/new" for ::1 at 2020-10-06 16:04:30 +0900
  [1m[35m (1.8ms)[0m  [1m[34mSELECT "schema_migrations"."version" FROM "schema_migrations" ORDER BY "schema_migrations"."version" ASC[0m
  ↳ /Users/kensuke/.rbenv/versions/2.6.5/lib/ruby/gems/2.6.0/gems/activerecord-5.2.4.4/lib/active_record/log_subscriber.rb:98
Processing by ContactsController#new as HTML
  Rendering contacts/new.html.erb within layouts/application
  Rendered contacts/_form.html.erb (11.5ms)
  Rendered contacts/new.html.erb within layouts/application (14.1ms)
Completed 200 OK in 256ms (Views: 241.1ms | ActiveRecord: 3.1ms)


Started GET "/contacts/new" for ::1 at 2020-10-06 16:05:09 +0900
Processing by ContactsController#new as HTML
  Rendering contacts/new.html.erb within layouts/application
  Rendered contacts/_form.html.erb (2.8ms)
  Rendered contacts/new.html.erb within layouts/application (3.8ms)
Completed 200 OK in 21ms (Views: 19.7ms | ActiveRecord: 0.0ms)


Started POST "/contacts" for ::1 at 2020-10-06 16:05:14 +0900
Processing by ContactsController#create as HTML
  Parameters: {"utf8"=>"✓", "authenticity_token"=>"0fD0pRrLAV7W8gJvTj3iBU3a+L08HPhMtd/hvtzjCGBeImuEVHu+e+OyzoECg7jQejDJBLoNgrCuan1MiQJ5IQ==", "contact"=>{"name"=>"tom", "email"=>"35k.0101@gmail.com", "content"=>"12345"}, "commit"=>"Create Contact"}
Unpermitted parameter: :content
  [1m[35m (0.1ms)[0m  [1m[35mBEGIN[0m
  ↳ app/controllers/contacts_controller.rb:29
  [1m[36mContact Create (1.1ms)[0m  [1m[32mINSERT INTO "contacts" ("name", "email", "created_at", "updated_at") VALUES ($1, $2, $3, $4) RETURNING "id"[0m  [["name", "tom"], ["email", "35k.0101@gmail.com"], ["created_at", "2020-10-06 07:05:14.451814"], ["updated_at", "2020-10-06 07:05:14.451814"]]
  ↳ app/controllers/contacts_controller.rb:29
  [1m[35m (0.6ms)[0m  [1m[35mCOMMIT[0m
  ↳ app/controllers/contacts_controller.rb:29
  Rendering contact_mailer/contact_mail.html.erb within layouts/mailer
  Rendered contact_mailer/contact_mail.html.erb within layouts/mailer (3.2ms)
ContactMailer#contact_mail: processed outbound mail in 461.8ms
Sent mail to 35k.0101@gmail.com (29.0ms)
Date: Tue, 06 Oct 2020 16:05:15 +0900
From: from@example.com
To: 35k.0101@gmail.com
Message-ID: <5f7c172b2ebe_105013fdee823ec0c500e5@MacBook-Pro-6.local.mail>
Subject: =?UTF-8?Q?=E3=81=8A=E5=95=8F=E3=81=84=E5=90=88=E3=82=8F=E3=81=9B=E3=81=AE=E7=A2=BA=E8=AA=8D=E3=83=A1=E3=83=BC=E3=83=AB?=
Mime-Version: 1.0
Content-Type: text/html;
 charset=UTF-8
Content-Transfer-Encoding: base64

PCFET0NUWVBFIGh0bWw+DQo8aHRtbD4NCiAgPGhlYWQ+DQogICAgPG1ldGEg
aHR0cC1lcXVpdj0iQ29udGVudC1UeXBlIiBjb250ZW50PSJ0ZXh0L2h0bWw7
IGNoYXJzZXQ9dXRmLTgiIC8+DQogICAgPHN0eWxlPg0KICAgICAgLyogRW1h
aWwgc3R5bGVzIG5lZWQgdG8gYmUgaW5saW5lICovDQogICAgPC9zdHlsZT4N
CiAgPC9oZWFkPg0KDQogIDxib2R5Pg0KICAgIDxoMT7jgYrllY/jgYTlkIjj
go/jgZvjgYzlrozkuobjgZfjgb7jgZfjgZ/vvIE8L2gxPg0KPGg0Pm5hbWU6
IHRvbTwvaDQ+DQo8aDQ+44GK5ZWP44GE5ZCI44KP44Gb5YaF5a6544Gu56K6
6KqNPC9oND4NCjxwPmNvbnRlbnQ6IDwvcD4NCiAgPC9ib2R5Pg0KPC9odG1s
Pg0K

Redirected to http://localhost:3000/contacts
Completed 302 Found in 581ms (ActiveRecord: 1.8ms)


Started GET "/contacts" for ::1 at 2020-10-06 16:05:15 +0900
Processing by ContactsController#index as HTML
  Rendering contacts/index.html.erb within layouts/application
  [1m[36mContact Load (0.3ms)[0m  [1m[34mSELECT "contacts".* FROM "contacts"[0m
  ↳ app/views/contacts/index.html.erb:16
  Rendered contacts/index.html.erb within layouts/application (9.9ms)
Completed 500 Internal Server Error in 14ms (ActiveRecord: 0.3ms)


  
ActionView::Template::Error (undefined method `conten' for #<Contact:0x00007fbdd076a4b8>
Did you mean?  content
               content=
               content?):
    17:       <tr>
    18:         <td><%= contact.name %></td>
    19:         <td><%= contact.email %></td>
    20:         <td><%= contact.conten %></td>
    21:         <td><%= link_to 'Show', contact %></td>
    22:         <td><%= link_to 'Edit', edit_contact_path(contact) %></td>
    23:         <td><%= link_to 'Destroy', contact, method: :delete, data: { confirm: 'Are you sure?' } %></td>
  
app/views/contacts/index.html.erb:20:in `block in _app_views_contacts_index_html_erb__3748203927968109512_70226611848680'
app/views/contacts/index.html.erb:16:in `_app_views_contacts_index_html_erb__3748203927968109512_70226611848680'
Started GET "/contacts" for ::1 at 2020-10-06 16:05:32 +0900
Processing by ContactsController#index as HTML
  Rendering contacts/index.html.erb within layouts/application
  [1m[36mContact Load (0.3ms)[0m  [1m[34mSELECT "contacts".* FROM "contacts"[0m
  ↳ app/views/contacts/index.html.erb:16
  Rendered contacts/index.html.erb within layouts/application (2.7ms)
Completed 200 OK in 23ms (Views: 22.1ms | ActiveRecord: 0.3ms)


Started GET "/letter_opener/" for ::1 at 2020-10-06 16:05:41 +0900
Processing by LetterOpenerWeb::LettersController#index as HTML
  Rendering /Users/kensuke/.rbenv/versions/2.6.5/lib/ruby/gems/2.6.0/gems/letter_opener_web-1.4.0/app/views/letter_opener_web/letters/index.html.erb within layouts/letter_opener_web/letters
  Rendered /Users/kensuke/.rbenv/versions/2.6.5/lib/ruby/gems/2.6.0/gems/letter_opener_web-1.4.0/app/views/letter_opener_web/letters/index.html.erb within layouts/letter_opener_web/letters (5.3ms)
  Rendered /Users/kensuke/.rbenv/versions/2.6.5/lib/ruby/gems/2.6.0/gems/letter_opener_web-1.4.0/app/views/layouts/letter_opener_web/_styles.html.erb (3.1ms)
  Rendered /Users/kensuke/.rbenv/versions/2.6.5/lib/ruby/gems/2.6.0/gems/letter_opener_web-1.4.0/app/views/layouts/letter_opener_web/_javascripts.html.erb (5.1ms)
Completed 200 OK in 62ms (Views: 50.7ms | ActiveRecord: 0.0ms)


Started GET "/letter_opener/1601967915_015882_e882b4a/rich" for ::1 at 2020-10-06 16:05:41 +0900
Processing by LetterOpenerWeb::LettersController#show as HTML
  Parameters: {"id"=>"1601967915_015882_e882b4a", "style"=>"rich"}
  Rendering html template
  Rendered html template (0.0ms)
Completed 200 OK in 8ms (Views: 4.9ms | ActiveRecord: 0.0ms)


